{"total": {"lines":{"total":1196,"covered":1008,"skipped":0,"pct":84.28},"statements":{"total":1402,"covered":1187,"skipped":0,"pct":84.66},"functions":{"total":251,"covered":211,"skipped":0,"pct":84.06},"branches":{"total":954,"covered":719,"skipped":0,"pct":75.36},"branchesTrue":{"total":0,"covered":0,"skipped":0,"pct":100}}
,"/home/runner/work/ts2hx/ts2hx/src/Converter.ts": {"lines":{"total":103,"covered":63,"skipped":0,"pct":61.16},"functions":{"total":14,"covered":10,"skipped":0,"pct":71.42},"statements":{"total":109,"covered":66,"skipped":0,"pct":60.55},"branches":{"total":61,"covered":19,"skipped":0,"pct":31.14}}
,"/home/runner/work/ts2hx/ts2hx/src/transformers/Transpiler.ts": {"lines":{"total":63,"covered":56,"skipped":0,"pct":88.88},"functions":{"total":20,"covered":19,"skipped":0,"pct":95},"statements":{"total":70,"covered":61,"skipped":0,"pct":87.14},"branches":{"total":29,"covered":27,"skipped":0,"pct":93.1}}
,"/home/runner/work/ts2hx/ts2hx/src/transformers/index.ts": {"lines":{"total":6,"covered":6,"skipped":0,"pct":100},"functions":{"total":0,"covered":0,"skipped":0,"pct":100},"statements":{"total":6,"covered":6,"skipped":0,"pct":100},"branches":{"total":0,"covered":0,"skipped":0,"pct":100}}
,"/home/runner/work/ts2hx/ts2hx/src/transformers/api/common.ts": {"lines":{"total":16,"covered":16,"skipped":0,"pct":100},"functions":{"total":4,"covered":4,"skipped":0,"pct":100},"statements":{"total":22,"covered":22,"skipped":0,"pct":100},"branches":{"total":10,"covered":10,"skipped":0,"pct":100}}
,"/home/runner/work/ts2hx/ts2hx/src/transformers/api/index.ts": {"lines":{"total":2,"covered":2,"skipped":0,"pct":100},"functions":{"total":0,"covered":0,"skipped":0,"pct":100},"statements":{"total":2,"covered":2,"skipped":0,"pct":100},"branches":{"total":0,"covered":0,"skipped":0,"pct":100}}
,"/home/runner/work/ts2hx/ts2hx/src/transformers/api/typescript.ts": {"lines":{"total":15,"covered":9,"skipped":0,"pct":60},"functions":{"total":3,"covered":1,"skipped":0,"pct":33.33},"statements":{"total":16,"covered":10,"skipped":0,"pct":62.5},"branches":{"total":33,"covered":19,"skipped":0,"pct":57.57}}
,"/home/runner/work/ts2hx/ts2hx/src/transformers/lang/basics.ts": {"lines":{"total":80,"covered":74,"skipped":0,"pct":92.5},"functions":{"total":13,"covered":13,"skipped":0,"pct":100},"statements":{"total":106,"covered":95,"skipped":0,"pct":89.62},"branches":{"total":73,"covered":64,"skipped":0,"pct":87.67}}
,"/home/runner/work/ts2hx/ts2hx/src/transformers/lang/classes.ts": {"lines":{"total":112,"covered":104,"skipped":0,"pct":92.85},"functions":{"total":17,"covered":17,"skipped":0,"pct":100},"statements":{"total":130,"covered":122,"skipped":0,"pct":93.84},"branches":{"total":93,"covered":76,"skipped":0,"pct":81.72}}
,"/home/runner/work/ts2hx/ts2hx/src/transformers/lang/conditions.ts": {"lines":{"total":39,"covered":16,"skipped":0,"pct":41.02},"functions":{"total":9,"covered":4,"skipped":0,"pct":44.44},"statements":{"total":47,"covered":23,"skipped":0,"pct":48.93},"branches":{"total":18,"covered":10,"skipped":0,"pct":55.55}}
,"/home/runner/work/ts2hx/ts2hx/src/transformers/lang/functions.ts": {"lines":{"total":44,"covered":36,"skipped":0,"pct":81.81},"functions":{"total":5,"covered":3,"skipped":0,"pct":60},"statements":{"total":51,"covered":43,"skipped":0,"pct":84.31},"branches":{"total":26,"covered":21,"skipped":0,"pct":80.76}}
,"/home/runner/work/ts2hx/ts2hx/src/transformers/lang/index.ts": {"lines":{"total":8,"covered":8,"skipped":0,"pct":100},"functions":{"total":0,"covered":0,"skipped":0,"pct":100},"statements":{"total":8,"covered":8,"skipped":0,"pct":100},"branches":{"total":0,"covered":0,"skipped":0,"pct":100}}
,"/home/runner/work/ts2hx/ts2hx/src/transformers/lang/loops.ts": {"lines":{"total":22,"covered":17,"skipped":0,"pct":77.27},"functions":{"total":4,"covered":3,"skipped":0,"pct":75},"statements":{"total":28,"covered":23,"skipped":0,"pct":82.14},"branches":{"total":17,"covered":9,"skipped":0,"pct":52.94}}
,"/home/runner/work/ts2hx/ts2hx/src/transformers/lang/objects.ts": {"lines":{"total":70,"covered":50,"skipped":0,"pct":71.42},"functions":{"total":9,"covered":9,"skipped":0,"pct":100},"statements":{"total":93,"covered":68,"skipped":0,"pct":73.11},"branches":{"total":30,"covered":20,"skipped":0,"pct":66.66}}
,"/home/runner/work/ts2hx/ts2hx/src/transformers/lang/types.ts": {"lines":{"total":82,"covered":59,"skipped":0,"pct":71.95},"functions":{"total":16,"covered":14,"skipped":0,"pct":87.5},"statements":{"total":113,"covered":89,"skipped":0,"pct":78.76},"branches":{"total":72,"covered":47,"skipped":0,"pct":65.27}}
,"/home/runner/work/ts2hx/ts2hx/src/transformers/lang/variables.ts": {"lines":{"total":69,"covered":66,"skipped":0,"pct":95.65},"functions":{"total":11,"covered":11,"skipped":0,"pct":100},"statements":{"total":80,"covered":77,"skipped":0,"pct":96.25},"branches":{"total":66,"covered":58,"skipped":0,"pct":87.87}}
,"/home/runner/work/ts2hx/ts2hx/src/transformers/ts/basics.ts": {"lines":{"total":16,"covered":16,"skipped":0,"pct":100},"functions":{"total":3,"covered":3,"skipped":0,"pct":100},"statements":{"total":19,"covered":19,"skipped":0,"pct":100},"branches":{"total":12,"covered":12,"skipped":0,"pct":100}}
,"/home/runner/work/ts2hx/ts2hx/src/transformers/ts/classes.ts": {"lines":{"total":17,"covered":17,"skipped":0,"pct":100},"functions":{"total":1,"covered":1,"skipped":0,"pct":100},"statements":{"total":18,"covered":18,"skipped":0,"pct":100},"branches":{"total":15,"covered":14,"skipped":0,"pct":93.33}}
,"/home/runner/work/ts2hx/ts2hx/src/transformers/ts/functions.ts": {"lines":{"total":27,"covered":27,"skipped":0,"pct":100},"functions":{"total":3,"covered":3,"skipped":0,"pct":100},"statements":{"total":27,"covered":27,"skipped":0,"pct":100},"branches":{"total":13,"covered":13,"skipped":0,"pct":100}}
,"/home/runner/work/ts2hx/ts2hx/src/transformers/ts/index.ts": {"lines":{"total":7,"covered":7,"skipped":0,"pct":100},"functions":{"total":0,"covered":0,"skipped":0,"pct":100},"statements":{"total":7,"covered":7,"skipped":0,"pct":100},"branches":{"total":0,"covered":0,"skipped":0,"pct":100}}
,"/home/runner/work/ts2hx/ts2hx/src/transformers/ts/objects.ts": {"lines":{"total":9,"covered":9,"skipped":0,"pct":100},"functions":{"total":2,"covered":2,"skipped":0,"pct":100},"statements":{"total":14,"covered":14,"skipped":0,"pct":100},"branches":{"total":7,"covered":6,"skipped":0,"pct":85.71}}
,"/home/runner/work/ts2hx/ts2hx/src/transformers/ts/promise.ts": {"lines":{"total":25,"covered":23,"skipped":0,"pct":92},"functions":{"total":11,"covered":10,"skipped":0,"pct":90.9},"statements":{"total":31,"covered":29,"skipped":0,"pct":93.54},"branches":{"total":43,"covered":37,"skipped":0,"pct":86.04}}
,"/home/runner/work/ts2hx/ts2hx/src/transformers/ts/types.ts": {"lines":{"total":20,"covered":20,"skipped":0,"pct":100},"functions":{"total":5,"covered":5,"skipped":0,"pct":100},"statements":{"total":29,"covered":29,"skipped":0,"pct":100},"branches":{"total":18,"covered":16,"skipped":0,"pct":88.88}}
,"/home/runner/work/ts2hx/ts2hx/src/transformers/ts/variables.ts": {"lines":{"total":16,"covered":15,"skipped":0,"pct":93.75},"functions":{"total":2,"covered":2,"skipped":0,"pct":100},"statements":{"total":16,"covered":15,"skipped":0,"pct":93.75},"branches":{"total":12,"covered":11,"skipped":0,"pct":91.66}}
,"/home/runner/work/ts2hx/ts2hx/src/transformers/utils/comments.ts": {"lines":{"total":18,"covered":15,"skipped":0,"pct":83.33},"functions":{"total":6,"covered":2,"skipped":0,"pct":33.33},"statements":{"total":19,"covered":15,"skipped":0,"pct":78.94},"branches":{"total":9,"covered":3,"skipped":0,"pct":33.33}}
,"/home/runner/work/ts2hx/ts2hx/src/transformers/utils/common.ts": {"lines":{"total":76,"covered":58,"skipped":0,"pct":76.31},"functions":{"total":32,"covered":23,"skipped":0,"pct":71.87},"statements":{"total":87,"covered":64,"skipped":0,"pct":73.56},"branches":{"total":72,"covered":45,"skipped":0,"pct":62.5}}
,"/home/runner/work/ts2hx/ts2hx/src/transformers/utils/expressions.ts": {"lines":{"total":59,"covered":53,"skipped":0,"pct":89.83},"functions":{"total":12,"covered":8,"skipped":0,"pct":66.66},"statements":{"total":60,"covered":54,"skipped":0,"pct":90},"branches":{"total":65,"covered":56,"skipped":0,"pct":86.15}}
,"/home/runner/work/ts2hx/ts2hx/src/transformers/utils/functions.ts": {"lines":{"total":20,"covered":19,"skipped":0,"pct":95},"functions":{"total":3,"covered":3,"skipped":0,"pct":100},"statements":{"total":24,"covered":22,"skipped":0,"pct":91.66},"branches":{"total":24,"covered":22,"skipped":0,"pct":91.66}}
,"/home/runner/work/ts2hx/ts2hx/src/transformers/utils/index.ts": {"lines":{"total":7,"covered":7,"skipped":0,"pct":100},"functions":{"total":0,"covered":0,"skipped":0,"pct":100},"statements":{"total":7,"covered":7,"skipped":0,"pct":100},"branches":{"total":0,"covered":0,"skipped":0,"pct":100}}
,"/home/runner/work/ts2hx/ts2hx/src/transformers/utils/modifiers.ts": {"lines":{"total":22,"covered":22,"skipped":0,"pct":100},"functions":{"total":12,"covered":12,"skipped":0,"pct":100},"statements":{"total":25,"covered":25,"skipped":0,"pct":100},"branches":{"total":26,"covered":24,"skipped":0,"pct":92.3}}
,"/home/runner/work/ts2hx/ts2hx/src/transformers/utils/modules.ts": {"lines":{"total":23,"covered":23,"skipped":0,"pct":100},"functions":{"total":6,"covered":6,"skipped":0,"pct":100},"statements":{"total":25,"covered":25,"skipped":0,"pct":100},"branches":{"total":8,"covered":5,"skipped":0,"pct":62.5}}
,"/home/runner/work/ts2hx/ts2hx/src/transformers/utils/types.ts": {"lines":{"total":42,"covered":42,"skipped":0,"pct":100},"functions":{"total":11,"covered":11,"skipped":0,"pct":100},"statements":{"total":46,"covered":44,"skipped":0,"pct":95.65},"branches":{"total":63,"covered":52,"skipped":0,"pct":82.53}}
,"/home/runner/work/ts2hx/ts2hx/src/utils/asyncPool.ts": {"lines":{"total":12,"covered":12,"skipped":0,"pct":100},"functions":{"total":3,"covered":3,"skipped":0,"pct":100},"statements":{"total":14,"covered":14,"skipped":0,"pct":100},"branches":{"total":3,"covered":1,"skipped":0,"pct":33.33}}
,"/home/runner/work/ts2hx/ts2hx/src/utils/errors.ts": {"lines":{"total":10,"covered":3,"skipped":0,"pct":30},"functions":{"total":3,"covered":0,"skipped":0,"pct":0},"statements":{"total":10,"covered":3,"skipped":0,"pct":30},"branches":{"total":2,"covered":0,"skipped":0,"pct":0}}
,"/home/runner/work/ts2hx/ts2hx/src/utils/index.ts": {"lines":{"total":3,"covered":3,"skipped":0,"pct":100},"functions":{"total":0,"covered":0,"skipped":0,"pct":100},"statements":{"total":3,"covered":3,"skipped":0,"pct":100},"branches":{"total":0,"covered":0,"skipped":0,"pct":100}}
,"/home/runner/work/ts2hx/ts2hx/src/utils/ts/createInMemoryCompilerHost.ts": {"lines":{"total":28,"covered":27,"skipped":0,"pct":96.42},"functions":{"total":10,"covered":8,"skipped":0,"pct":80},"statements":{"total":31,"covered":29,"skipped":0,"pct":93.54},"branches":{"total":30,"covered":18,"skipped":0,"pct":60}}
,"/home/runner/work/ts2hx/ts2hx/src/utils/ts/index.ts": {"lines":{"total":2,"covered":2,"skipped":0,"pct":100},"functions":{"total":0,"covered":0,"skipped":0,"pct":100},"statements":{"total":2,"covered":2,"skipped":0,"pct":100},"branches":{"total":0,"covered":0,"skipped":0,"pct":100}}
,"/home/runner/work/ts2hx/ts2hx/src/utils/ts/sourceFiles.ts": {"lines":{"total":6,"covered":6,"skipped":0,"pct":100},"functions":{"total":1,"covered":1,"skipped":0,"pct":100},"statements":{"total":7,"covered":7,"skipped":0,"pct":100},"branches":{"total":4,"covered":4,"skipped":0,"pct":100}}
}
